<?xml version="1.0" encoding="UTF-8"?>
<!-- Generated by org.testng.reporters.JUnitReportReporter -->
<testsuite hostname="DESKTOP-SV9CFRI" failures="0" tests="3" name="com.herokuapp.theinternet.LoginTests" time="64.395" errors="0" timestamp="2023-08-09T17:12:36 IST" skipped="0">
  <testcase classname="com.herokuapp.theinternet.LoginTests" name="positiveLoginTest" time="12.828"/>
  <testcase classname="com.herokuapp.theinternet.LoginTests" name="negativeLoginTest" time="15.565"/>
  <testcase classname="com.herokuapp.theinternet.LoginTests" name="negativeLoginTest" time="36.002"/>
</testsuite> <!-- com.herokuapp.theinternet.LoginTests -->
